\BOOKMARK [1][-]{section*.3}{\376\377\004\022\004\022\004\025\004\024\004\025\004\035\004\030\004\025}{}% 1
\BOOKMARK [2][-]{subsection.0.1}{\376\377\004\032\004\073\004\060\004\101\004\101\004\070\004\107\004\065\004\101\004\072\004\070\004\065\000\040\004\077\004\076\004\064\004\105\004\076\004\064\004\113}{section*.3}% 2
\BOOKMARK [3][-]{subsubsection.0.1.1}{\376\377\004\037\004\076\004\101\004\102\004\060\004\075\004\076\004\062\004\072\004\060\000\040\004\067\004\060\004\064\004\060\004\107\004\070\000\040\004\072\004\076\004\074\004\074\004\070\004\062\004\076\004\117\004\066\004\121\004\100\004\060}{subsection.0.1}% 3
\BOOKMARK [3][-]{subsubsection.0.1.2}{\376\377\004\020\004\073\004\063\004\076\004\100\004\070\004\102\004\074\000\040\004\045\004\065\004\073\004\064\004\060\040\023\004\032\004\060\004\100\004\077\004\060}{subsection.0.1}% 4
\BOOKMARK [2][-]{subsection.0.2}{\376\377\004\036\004\061\004\067\004\076\004\100\000\040\004\073\004\070\004\102\004\065\004\100\004\060\004\102\004\103\004\100\004\113}{section*.3}% 5
\BOOKMARK [3][-]{subsubsection.0.2.1}{\376\377\004\040\004\065\004\110\004\065\004\075\004\070\004\065\000\040\004\075\004\060\000\040\004\076\004\101\004\075\004\076\004\062\004\065\000\040\004\060\004\073\004\063\004\076\004\100\004\070\004\102\004\074\004\060\000\040\004\023\004\100\004\076\004\062\004\065\004\100\004\060}{subsection.0.2}% 6
\BOOKMARK [3][-]{subsubsection.0.2.2}{\376\377\004\032\004\062\004\060\004\075\004\102\004\076\004\062\004\113\004\071\000\040\004\060\004\073\004\063\004\076\004\100\004\070\004\102\004\074\000\040\004\045\004\065\004\073\004\064\004\060\040\023\004\032\004\060\004\100\004\077\004\060}{subsection.0.2}% 7
\BOOKMARK [3][-]{subsubsection.0.2.3}{\376\377\004\032\004\062\004\060\004\075\004\102\004\076\004\062\004\113\004\071\000\040\004\076\004\102\004\066\004\070\004\063}{subsection.0.2}% 8
\BOOKMARK [3][-]{subsubsection.0.2.4}{\376\377\000Q\000u\000a\000n\000t\000u\000m\000\040\000A\000p\000p\000r\000o\000x\000i\000m\000a\000t\000e\000\040\000O\000p\000t\000i\000m\000i\000z\000a\000t\000i\000o\000n\000\040\000A\000l\000g\000o\000r\000i\000t\000h\000m}{subsection.0.2}% 9
\BOOKMARK [3][-]{subsubsection.0.2.5}{\376\377\000Q\000u\000a\000n\000t\000u\000m\000\040\000A\000l\000t\000e\000r\000n\000a\000t\000i\000n\000g\000\040\000O\000p\000e\000r\000a\000t\000o\000r\000\040\000A\000n\000s\000a\000t\000z}{subsection.0.2}% 10
\BOOKMARK [2][-]{subsection.0.3}{\376\377\004\036\004\077\004\070\004\101\004\060\004\075\004\070\004\065\000\040\004\060\004\073\004\063\004\076\004\100\004\070\004\102\004\074\004\060}{section*.3}% 11
\BOOKMARK [3][-]{subsubsection.0.3.1}{\376\377\004\037\004\100\004\065\004\064\004\101\004\102\004\060\004\062\004\073\004\065\004\075\004\070\004\065\000\040\004\074\004\060\004\100\004\110\004\100\004\103\004\102\004\076\004\062\000\040\004\075\004\060\000\040\004\072\004\062\004\060\004\075\004\102\004\076\004\062\004\076\004\074\000\040\004\072\004\076\004\074\004\077\004\114\004\116\004\102\004\065\004\100\004\065}{subsection.0.3}% 12
\BOOKMARK [3][-]{subsubsection.0.3.2}{\376\377\004\032\004\062\004\060\004\075\004\102\004\076\004\062\004\060\004\117\000\040\004\106\004\065\004\077\004\114}{subsection.0.3}% 13
\BOOKMARK [3][-]{subsubsection.0.3.3}{\376\377\004\020\004\073\004\063\004\076\004\100\004\070\004\102\004\074\000\040\000R\000o\000t\000o\000s\000o\000l\000v\000e\000\040\004\064\004\073\004\117\000\040\004\077\004\076\004\064\004\061\004\076\004\100\004\060\000\040\004\077\004\060\004\100\004\060\004\074\004\065\004\102\004\100\004\076\004\062}{subsection.0.3}% 14
\BOOKMARK [3][-]{subsubsection.0.3.4}{\376\377\004\032\004\100\004\070\004\102\004\065\004\100\004\070\004\071\000\040\004\076\004\101\004\102\004\060\004\075\004\076\004\062\004\072\004\070}{subsection.0.3}% 15
\BOOKMARK [2][-]{subsection.0.4}{\376\377\004\036\004\106\004\065\004\075\004\072\004\070\000\040\004\115\004\104\004\104\004\065\004\072\004\102\004\070\004\062\004\075\004\076\004\101\004\102\004\070\000\040\004\060\004\073\004\063\004\076\004\100\004\070\004\102\004\074\004\060}{section*.3}% 16
\BOOKMARK [3][-]{subsubsection.0.4.1}{\376\377\004\032\004\060\004\107\004\065\004\101\004\102\004\062\004\076\000\040\004\100\004\065\004\110\004\065\004\075\004\070\004\071}{subsection.0.4}% 17
\BOOKMARK [3][-]{subsubsection.0.4.2}{\376\377\004\041\004\073\004\076\004\066\004\075\004\076\004\101\004\102\004\114}{subsection.0.4}% 18
\BOOKMARK [3][-]{subsubsection.0.4.3}{\376\377\004\041\004\100\004\060\004\062\004\075\004\065\004\075\004\070\004\065\000\040\004\101\000\040\004\077\004\100\004\076\004\101\004\102\004\113\004\074\000\040\004\077\004\065\004\100\004\065\004\061\004\076\004\100\004\076\004\074}{subsection.0.4}% 19
\BOOKMARK [3][-]{subsubsection.0.4.4}{\376\377\004\030\004\101\004\077\004\076\004\073\004\114\004\067\004\103\004\065\004\074\004\113\004\065\000\040\004\100\004\065\004\101\004\103\004\100\004\101\004\113}{subsection.0.4}% 20
\BOOKMARK [2][-]{subsection.0.5}{\376\377\004\037\004\100\004\076\004\061\004\073\004\065\004\074\004\113\000\040\004\060\004\073\004\063\004\076\004\100\004\070\004\102\004\074\004\060\000\040\004\070\000\040\004\075\004\060\004\077\004\100\004\060\004\062\004\073\004\065\004\075\004\070\004\117\000\040\004\061\004\103\004\064\004\103\004\111\004\070\004\105\000\040\004\070\004\101\004\101\004\073\004\065\004\064\004\076\004\062\004\060\004\075\004\070\004\071}{section*.3}% 21
\BOOKMARK [3][-]{subsubsection.0.5.1}{\376\377\004\037\004\076\004\073\004\103\004\107\004\065\004\075\004\070\004\065\000\040\004\100\004\065\004\110\004\065\004\075\004\070\004\117\000,\000\040\004\077\004\100\004\076\004\070\004\067\004\062\004\076\004\073\004\114\004\075\004\076\000\040\004\061\004\073\004\070\004\067\004\072\004\076\004\063\004\076\000\040\004\072\000\040\004\102\004\076\004\107\004\075\004\076\004\074\004\103}{subsection.0.5}% 22
\BOOKMARK [3][-]{subsubsection.0.5.2}{\376\377\004\037\004\065\004\100\004\065\004\070\004\101\004\077\004\076\004\073\004\114\004\067\004\076\004\062\004\060\004\075\004\070\004\065\000\040\004\077\004\076\004\064\004\076\004\061\004\100\004\060\004\075\004\075\004\113\004\105\000\040\004\077\004\060\004\100\004\060\004\074\004\065\004\102\004\100\004\076\004\062}{subsection.0.5}% 23
\BOOKMARK [3][-]{subsubsection.0.5.3}{\376\377\004\037\004\100\004\070\004\074\004\065\004\075\004\065\004\075\004\070\004\065\000\040\004\072\000\040\004\064\004\100\004\103\004\063\004\070\004\074\000\040\004\067\004\060\004\064\004\060\004\107\004\060\004\074}{subsection.0.5}% 24
\BOOKMARK [1][-]{section*.18}{\376\377\004\027\004\020\004\032\004\033\004\056\004\047\004\025\004\035\004\030\004\025}{}% 25
\BOOKMARK [1][-]{section*.19}{\376\377\004\041\004\037\004\030\004\041\004\036\004\032\000\040\004\030\004\041\004\037\004\036\004\033\004\054\004\027\004\036\004\022\004\020\004\035\004\035\004\053\004\045\000\040\004\030\004\041\004\042\004\036\004\047\004\035\004\030\004\032\004\036\004\022}{}% 26
